TN:
SF:src/RewardToken.sol
DA:14,31
FN:14,RewardToken.constructor
FNDA:31,RewardToken.constructor
DA:15,31
DA:18,3
FN:18,RewardToken.mint
FNDA:3,RewardToken.mint
DA:19,3
FNF:2
FNH:2
LF:4
LH:4
BRF:0
BRH:0
end_of_record
TN:
SF:src/Staking.sol
DA:77,31
FN:77,Staking.constructor
FNDA:31,Staking.constructor
DA:78,31
BRDA:78,0,0,-
DA:79,31
BRDA:79,1,0,-
DA:81,31
DA:82,31
DA:97,28
FN:97,Staking.stake
FNDA:28,Staking.stake
DA:99,27
BRDA:99,2,0,1
DA:101,26
DA:104,26
BRDA:104,3,0,6
DA:105,6
DA:109,26
DA:112,26
DA:113,26
BRDA:113,4,0,-
DA:116,26
DA:117,26
DA:120,26
DA:132,5
FN:132,Staking.unstake
FNDA:5,Staking.unstake
DA:134,5
BRDA:134,5,0,1
DA:136,4
DA:139,4
BRDA:139,6,0,1
DA:142,3
BRDA:142,7,0,3
DA:143,3
DA:147,3
DA:150,3
DA:151,3
BRDA:151,8,0,-
DA:154,3
DA:155,3
DA:158,3
DA:168,4
FN:168,Staking.claimReward
FNDA:4,Staking.claimReward
DA:169,4
DA:172,4
DA:173,4
BRDA:173,9,0,1
DA:176,3
DA:179,3
DA:182,3
DA:185,3
DA:195,2
FN:195,Staking.pendingRewards
FNDA:2,Staking.pendingRewards
DA:196,2
BRDA:196,10,0,1
DA:198,1
DA:201,1
BRDA:201,11,0,1
DA:202,1
DA:205,1
DA:217,3
FN:217,Staking.emergencyWithdrawal
FNDA:3,Staking.emergencyWithdrawal
DA:219,3
BRDA:219,12,0,1
DA:221,2
DA:224,2
BRDA:224,13,0,1
DA:227,1
DA:228,1
BRDA:228,14,0,-
DA:231,1
DA:232,1
DA:235,1
DA:246,5
FN:246,Staking.calculateReward
FNDA:5,Staking.calculateReward
DA:247,15
BRDA:247,15,0,1
DA:249,14
DA:252,14
DA:254,14
DA:256,14
DA:266,4
FN:266,Staking.setRewardRate
FNDA:4,Staking.setRewardRate
DA:267,4
BRDA:267,16,0,2
DA:269,2
DA:271,2
DA:278,2
FN:278,Staking.pause
FNDA:2,Staking.pause
DA:279,2
DA:286,1
FN:286,Staking.unpause
FNDA:1,Staking.unpause
DA:287,1
DA:294,9
FN:294,Staking.getUserInfo
FNDA:9,Staking.getUserInfo
DA:295,9
DA:298,4
FN:298,Staking.getTotalStaked
FNDA:4,Staking.getTotalStaked
DA:299,4
DA:302,1
FN:302,Staking.getDailyRewardRate
FNDA:1,Staking.getDailyRewardRate
DA:303,1
FNF:13
FNH:13
LF:71
LH:71
BRF:17
BRH:12
end_of_record
