TN:
SF:src/RewardToken.sol
DA:14,8
FN:14,RewardToken.constructor
FNDA:8,RewardToken.constructor
DA:15,8
DA:18,0
FN:18,RewardToken.mint
FNDA:0,RewardToken.mint
DA:19,0
FNF:2
FNH:1
LF:4
LH:2
BRF:0
BRH:0
end_of_record
TN:
SF:src/Staking.sol
DA:77,8
FN:77,Staking.constructor
FNDA:8,Staking.constructor
DA:78,8
BRDA:78,0,0,-
DA:79,8
BRDA:79,1,0,-
DA:81,8
DA:82,8
DA:97,10
FN:97,Staking.stake
FNDA:10,Staking.stake
DA:99,9
BRDA:99,2,0,1
DA:101,8
DA:104,8
BRDA:104,3,0,2
DA:105,2
DA:109,8
DA:112,8
DA:113,8
BRDA:113,4,0,-
DA:116,8
DA:117,8
DA:120,8
DA:132,0
FN:132,Staking.unstake
FNDA:0,Staking.unstake
DA:134,0
BRDA:134,5,0,-
DA:136,0
DA:139,0
BRDA:139,6,0,-
DA:142,0
BRDA:142,7,0,-
DA:143,0
DA:147,0
DA:150,0
DA:151,0
BRDA:151,8,0,-
DA:154,0
DA:155,0
DA:158,0
DA:168,0
FN:168,Staking.claimReward
FNDA:0,Staking.claimReward
DA:169,0
DA:172,0
DA:173,0
BRDA:173,9,0,-
DA:176,0
DA:179,0
DA:182,0
DA:185,0
DA:195,0
FN:195,Staking.pendingRewards
FNDA:0,Staking.pendingRewards
DA:196,0
BRDA:196,10,0,-
DA:198,0
DA:201,0
BRDA:201,11,0,-
DA:202,0
DA:205,0
DA:217,0
FN:217,Staking.emergencyWithdrawal
FNDA:0,Staking.emergencyWithdrawal
DA:219,0
BRDA:219,12,0,-
DA:221,0
DA:224,0
BRDA:224,13,0,-
DA:227,0
DA:228,0
BRDA:228,14,0,-
DA:231,0
DA:232,0
DA:235,0
DA:246,1
FN:246,Staking.calculateReward
FNDA:1,Staking.calculateReward
DA:247,3
BRDA:247,15,0,-
DA:249,3
DA:252,3
DA:254,3
DA:256,3
DA:266,0
FN:266,Staking.setRewardRate
FNDA:0,Staking.setRewardRate
DA:267,0
BRDA:267,16,0,-
DA:269,0
DA:271,0
DA:278,1
FN:278,Staking.pause
FNDA:1,Staking.pause
DA:279,1
DA:286,0
FN:286,Staking.unpause
FNDA:0,Staking.unpause
DA:287,0
DA:294,3
FN:294,Staking.getUserInfo
FNDA:3,Staking.getUserInfo
DA:295,3
DA:298,0
FN:298,Staking.getContractBalance
FNDA:0,Staking.getContractBalance
DA:299,0
DA:302,2
FN:302,Staking.getTotalStaked
FNDA:2,Staking.getTotalStaked
DA:303,2
FNF:13
FNH:6
LF:71
LH:28
BRF:17
BRH:2
end_of_record
